C:\USERS\LYUBO\DOCUMENTS\VISUAL STUDIO 2012\PROJECTS\ASSIGNMENTII_CIT284\DEBUG\MAIN.OBJ
C:\USERS\LYUBO\DOCUMENTS\VISUAL STUDIO 2012\PROJECTS\ASSIGNMENTII_CIT284\DEBUG\STUDENT.OBJ
C:\USERS\LYUBO\DOCUMENTS\VISUAL STUDIO 2012\PROJECTS\ASSIGNMENTII_CIT284\DEBUG\STUDENTLIST.OBJ
C:\USERS\LYUBO\DOCUMENTS\VISUAL STUDIO 2012\PROJECTS\ASSIGNMENTII_CIT284\DEBUG\VC110.PDB
C:\USERS\LYUBO\DOCUMENTS\VISUAL STUDIO 2012\PROJECTS\ASSIGNMENTII_CIT284\DEBUG\ASSIGNMENTII_CIT284.ILK
C:\USERS\LYUBO\DOCUMENTS\VISUAL STUDIO 2012\PROJECTS\ASSIGNMENTII_CIT284\DEBUG\ASSIGNMENTII_CIT284.EXE
C:\USERS\LYUBO\DOCUMENTS\VISUAL STUDIO 2012\PROJECTS\ASSIGNMENTII_CIT284\DEBUG\ASSIGNMENTII_CIT284.PDB
C:\Users\lyubo\Documents\Visual Studio 2012\Projects\AssignmentII_CIT284\Debug\Main.obj
C:\Users\lyubo\Documents\Visual Studio 2012\Projects\AssignmentII_CIT284\Debug\StudentList.obj
C:\Users\lyubo\Documents\Visual Studio 2012\Projects\AssignmentII_CIT284\Debug\AssignmentII_CIT284.ilk
C:\Users\lyubo\Documents\Visual Studio 2012\Projects\AssignmentII_CIT284\Debug\cl.command.1.tlog
C:\Users\lyubo\Documents\Visual Studio 2012\Projects\AssignmentII_CIT284\Debug\CL.read.1.tlog
C:\Users\lyubo\Documents\Visual Studio 2012\Projects\AssignmentII_CIT284\Debug\CL.write.1.tlog
C:\Users\lyubo\Documents\Visual Studio 2012\Projects\AssignmentII_CIT284\Debug\link-cvtres.read.1.tlog
C:\Users\lyubo\Documents\Visual Studio 2012\Projects\AssignmentII_CIT284\Debug\link-cvtres.write.1.tlog
C:\Users\lyubo\Documents\Visual Studio 2012\Projects\AssignmentII_CIT284\Debug\link-rc.read.1.tlog
C:\Users\lyubo\Documents\Visual Studio 2012\Projects\AssignmentII_CIT284\Debug\link-rc.write.1.tlog
C:\Users\lyubo\Documents\Visual Studio 2012\Projects\AssignmentII_CIT284\Debug\link.14040-cvtres.read.1.tlog
C:\Users\lyubo\Documents\Visual Studio 2012\Projects\AssignmentII_CIT284\Debug\link.14040-cvtres.write.1.tlog
C:\Users\lyubo\Documents\Visual Studio 2012\Projects\AssignmentII_CIT284\Debug\link.14040-rc.read.1.tlog
C:\Users\lyubo\Documents\Visual Studio 2012\Projects\AssignmentII_CIT284\Debug\link.14040-rc.write.1.tlog
C:\Users\lyubo\Documents\Visual Studio 2012\Projects\AssignmentII_CIT284\Debug\link.14040.read.1.tlog
C:\Users\lyubo\Documents\Visual Studio 2012\Projects\AssignmentII_CIT284\Debug\link.14040.write.1.tlog
C:\Users\lyubo\Documents\Visual Studio 2012\Projects\AssignmentII_CIT284\Debug\link.command.1.tlog
C:\Users\lyubo\Documents\Visual Studio 2012\Projects\AssignmentII_CIT284\Debug\link.read.1.tlog
C:\Users\lyubo\Documents\Visual Studio 2012\Projects\AssignmentII_CIT284\Debug\link.write.1.tlog
C:\Users\lyubo\Documents\Visual Studio 2012\Projects\AssignmentII_CIT284\Debug\vc110.idb
C:\Users\lyubo\Documents\Visual Studio 2012\Projects\AssignmentII_CIT284\Debug\AssignmentII_CIT284.pdb
C:\Users\lyubo\Documents\Visual Studio 2012\Projects\AssignmentII_CIT284\Debug\vc110.pdb
C:\Users\lyubo\Documents\Visual Studio 2012\Projects\AssignmentII_CIT284\Debug\AssignmentII_CIT284.exe
