C:\USERS\LYUBO\DOCUMENTS\VISUAL STUDIO 2012\PROJECTS\ASSIGNMENTI_CIT284\DEBUG\CC.OBJ
C:\USERS\LYUBO\DOCUMENTS\VISUAL STUDIO 2012\PROJECTS\ASSIGNMENTI_CIT284\DEBUG\VC110.PDB
C:\USERS\LYUBO\DOCUMENTS\VISUAL STUDIO 2012\PROJECTS\ASSIGNMENTI_CIT284\DEBUG\ASSIGNMENTI_CIT284.ILK
C:\USERS\LYUBO\DOCUMENTS\VISUAL STUDIO 2012\PROJECTS\ASSIGNMENTI_CIT284\DEBUG\ASSIGNMENTI_CIT284.EXE
C:\USERS\LYUBO\DOCUMENTS\VISUAL STUDIO 2012\PROJECTS\ASSIGNMENTI_CIT284\DEBUG\ASSIGNMENTI_CIT284.PDB
C:\Users\lyubo\Documents\Visual Studio 2012\Projects\AssignmentI_CIT284\Debug\cc.obj
C:\Users\lyubo\Documents\Visual Studio 2012\Projects\AssignmentI_CIT284\Debug\AssignmentI_CIT284.ilk
C:\Users\lyubo\Documents\Visual Studio 2012\Projects\AssignmentI_CIT284\Debug\cl.command.1.tlog
C:\Users\lyubo\Documents\Visual Studio 2012\Projects\AssignmentI_CIT284\Debug\CL.read.1.tlog
C:\Users\lyubo\Documents\Visual Studio 2012\Projects\AssignmentI_CIT284\Debug\CL.write.1.tlog
C:\Users\lyubo\Documents\Visual Studio 2012\Projects\AssignmentI_CIT284\Debug\link-cvtres.read.1.tlog
C:\Users\lyubo\Documents\Visual Studio 2012\Projects\AssignmentI_CIT284\Debug\link-cvtres.write.1.tlog
C:\Users\lyubo\Documents\Visual Studio 2012\Projects\AssignmentI_CIT284\Debug\link-rc.read.1.tlog
C:\Users\lyubo\Documents\Visual Studio 2012\Projects\AssignmentI_CIT284\Debug\link-rc.write.1.tlog
C:\Users\lyubo\Documents\Visual Studio 2012\Projects\AssignmentI_CIT284\Debug\link.15032-cvtres.read.1.tlog
C:\Users\lyubo\Documents\Visual Studio 2012\Projects\AssignmentI_CIT284\Debug\link.15032-cvtres.write.1.tlog
C:\Users\lyubo\Documents\Visual Studio 2012\Projects\AssignmentI_CIT284\Debug\link.15032-rc.read.1.tlog
C:\Users\lyubo\Documents\Visual Studio 2012\Projects\AssignmentI_CIT284\Debug\link.15032-rc.write.1.tlog
C:\Users\lyubo\Documents\Visual Studio 2012\Projects\AssignmentI_CIT284\Debug\link.15032.read.1.tlog
C:\Users\lyubo\Documents\Visual Studio 2012\Projects\AssignmentI_CIT284\Debug\link.15032.write.1.tlog
C:\Users\lyubo\Documents\Visual Studio 2012\Projects\AssignmentI_CIT284\Debug\link.command.1.tlog
C:\Users\lyubo\Documents\Visual Studio 2012\Projects\AssignmentI_CIT284\Debug\link.read.1.tlog
C:\Users\lyubo\Documents\Visual Studio 2012\Projects\AssignmentI_CIT284\Debug\link.write.1.tlog
C:\Users\lyubo\Documents\Visual Studio 2012\Projects\AssignmentI_CIT284\Debug\vc110.idb
C:\Users\lyubo\Documents\Visual Studio 2012\Projects\AssignmentI_CIT284\Debug\AssignmentI_CIT284.pdb
C:\Users\lyubo\Documents\Visual Studio 2012\Projects\AssignmentI_CIT284\Debug\vc110.pdb
C:\Users\lyubo\Documents\Visual Studio 2012\Projects\AssignmentI_CIT284\Debug\AssignmentI_CIT284.exe
