Build started 3/7/2015 7:42:25 AM.
     1>Project "C:\Users\lyubo\Documents\Visual Studio 2012\Projects\AssignmentI_CIT284\AssignmentI_CIT284.vcxproj" on node 2 (Build target(s)).
     1>ClCompile:
         C:\Program Files (x86)\Microsoft Visual Studio 11.0\VC\bin\CL.exe /c /ZI /nologo /W3 /WX- /Od /Oy- /D _MBCS /Gm /EHsc /RTC1 /MDd /GS /fp:precise /Zc:wchar_t /Zc:forScope /Fo"Debug\\" /Fd"Debug\vc110.pdb" /Gd /TP /analyze- /errorReport:prompt cc.cpp
         cc.cpp
     1>c:\users\lyubo\documents\visual studio 2012\projects\assignmenti_cit284\cc.cpp(123): warning C4996: '_itoa': This function or variable may be unsafe. Consider using _itoa_s instead. To disable deprecation, use _CRT_SECURE_NO_WARNINGS. See online help for details.
                 c:\program files (x86)\microsoft visual studio 11.0\vc\include\stdlib.h(468) : see declaration of '_itoa'
     1>c:\users\lyubo\documents\visual studio 2012\projects\assignmenti_cit284\cc.cpp(126): warning C4996: 'strcpy': This function or variable may be unsafe. Consider using strcpy_s instead. To disable deprecation, use _CRT_SECURE_NO_WARNINGS. See online help for details.
                 c:\program files (x86)\microsoft visual studio 11.0\vc\include\string.h(110) : see declaration of 'strcpy'
     1>c:\users\lyubo\documents\visual studio 2012\projects\assignmenti_cit284\cc.cpp(127): warning C4996: 'strcat': This function or variable may be unsafe. Consider using strcat_s instead. To disable deprecation, use _CRT_SECURE_NO_WARNINGS. See online help for details.
                 c:\program files (x86)\microsoft visual studio 11.0\vc\include\string.h(115) : see declaration of 'strcat'
     1>c:\users\lyubo\documents\visual studio 2012\projects\assignmenti_cit284\cc.cpp(128): warning C4996: 'strcat': This function or variable may be unsafe. Consider using strcat_s instead. To disable deprecation, use _CRT_SECURE_NO_WARNINGS. See online help for details.
                 c:\program files (x86)\microsoft visual studio 11.0\vc\include\string.h(115) : see declaration of 'strcat'
     1>c:\users\lyubo\documents\visual studio 2012\projects\assignmenti_cit284\cc.cpp(129): warning C4996: 'strcat': This function or variable may be unsafe. Consider using strcat_s instead. To disable deprecation, use _CRT_SECURE_NO_WARNINGS. See online help for details.
                 c:\program files (x86)\microsoft visual studio 11.0\vc\include\string.h(115) : see declaration of 'strcat'
     1>c:\users\lyubo\documents\visual studio 2012\projects\assignmenti_cit284\cc.cpp(130): warning C4996: 'strcat': This function or variable may be unsafe. Consider using strcat_s instead. To disable deprecation, use _CRT_SECURE_NO_WARNINGS. See online help for details.
                 c:\program files (x86)\microsoft visual studio 11.0\vc\include\string.h(115) : see declaration of 'strcat'
     1>c:\users\lyubo\documents\visual studio 2012\projects\assignmenti_cit284\cc.cpp(131): warning C4996: 'strcat': This function or variable may be unsafe. Consider using strcat_s instead. To disable deprecation, use _CRT_SECURE_NO_WARNINGS. See online help for details.
                 c:\program files (x86)\microsoft visual studio 11.0\vc\include\string.h(115) : see declaration of 'strcat'
     1>c:\users\lyubo\documents\visual studio 2012\projects\assignmenti_cit284\cc.cpp(136): warning C4996: 'strcpy': This function or variable may be unsafe. Consider using strcpy_s instead. To disable deprecation, use _CRT_SECURE_NO_WARNINGS. See online help for details.
                 c:\program files (x86)\microsoft visual studio 11.0\vc\include\string.h(110) : see declaration of 'strcpy'
     1>c:\users\lyubo\documents\visual studio 2012\projects\assignmenti_cit284\cc.cpp(163): warning C4996: 'getch': The POSIX name for this item is deprecated. Instead, use the ISO C++ conformant name: _getch. See online help for details.
                 c:\program files (x86)\microsoft visual studio 11.0\vc\include\conio.h(131) : see declaration of 'getch'
     1>c:\users\lyubo\documents\visual studio 2012\projects\assignmenti_cit284\cc.cpp(179): warning C4996: '_itoa': This function or variable may be unsafe. Consider using _itoa_s instead. To disable deprecation, use _CRT_SECURE_NO_WARNINGS. See online help for details.
                 c:\program files (x86)\microsoft visual studio 11.0\vc\include\stdlib.h(468) : see declaration of '_itoa'
     1>c:\users\lyubo\documents\visual studio 2012\projects\assignmenti_cit284\cc.cpp(181): warning C4996: 'strcpy': This function or variable may be unsafe. Consider using strcpy_s instead. To disable deprecation, use _CRT_SECURE_NO_WARNINGS. See online help for details.
                 c:\program files (x86)\microsoft visual studio 11.0\vc\include\string.h(110) : see declaration of 'strcpy'
     1>c:\users\lyubo\documents\visual studio 2012\projects\assignmenti_cit284\cc.cpp(183): warning C4996: 'strcat': This function or variable may be unsafe. Consider using strcat_s instead. To disable deprecation, use _CRT_SECURE_NO_WARNINGS. See online help for details.
                 c:\program files (x86)\microsoft visual studio 11.0\vc\include\string.h(115) : see declaration of 'strcat'
     1>c:\users\lyubo\documents\visual studio 2012\projects\assignmenti_cit284\cc.cpp(171): warning C4101: 'cardDigits' : unreferenced local variable
     1>c:\users\lyubo\documents\visual studio 2012\projects\assignmenti_cit284\cc.cpp(243): warning C4244: 'initializing' : conversion from 'double' to 'float', possible loss of data
     1>c:\users\lyubo\documents\visual studio 2012\projects\assignmenti_cit284\cc.cpp(248): warning C4018: '<' : signed/unsigned mismatch
     1>c:\users\lyubo\documents\visual studio 2012\projects\assignmenti_cit284\cc.cpp(257): warning C4996: 'getch': The POSIX name for this item is deprecated. Instead, use the ISO C++ conformant name: _getch. See online help for details.
                 c:\program files (x86)\microsoft visual studio 11.0\vc\include\conio.h(131) : see declaration of 'getch'
     1>c:\users\lyubo\documents\visual studio 2012\projects\assignmenti_cit284\cc.cpp(278): warning C4996: 'getch': The POSIX name for this item is deprecated. Instead, use the ISO C++ conformant name: _getch. See online help for details.
                 c:\program files (x86)\microsoft visual studio 11.0\vc\include\conio.h(131) : see declaration of 'getch'
     1>c:\users\lyubo\documents\visual studio 2012\projects\assignmenti_cit284\cc.cpp(326): warning C4018: '<' : signed/unsigned mismatch
       Link:
         C:\Program Files (x86)\Microsoft Visual Studio 11.0\VC\bin\link.exe /ERRORREPORT:PROMPT /OUT:"C:\Users\lyubo\Documents\Visual Studio 2012\Projects\AssignmentI_CIT284\Debug\AssignmentI_CIT284.exe" /INCREMENTAL /NOLOGO kernel32.lib user32.lib gdi32.lib winspool.lib comdlg32.lib advapi32.lib shell32.lib ole32.lib oleaut32.lib uuid.lib odbc32.lib odbccp32.lib /MANIFEST /MANIFESTUAC:"level='asInvoker' uiAccess='false'" /manifest:embed /DEBUG /PDB:"C:\Users\lyubo\Documents\Visual Studio 2012\Projects\AssignmentI_CIT284\Debug\AssignmentI_CIT284.pdb" /TLBID:1 /DYNAMICBASE /NXCOMPAT /IMPLIB:"C:\Users\lyubo\Documents\Visual Studio 2012\Projects\AssignmentI_CIT284\Debug\AssignmentI_CIT284.lib" /MACHINE:X86 Debug\cc.obj
         AssignmentI_CIT284.vcxproj -> C:\Users\lyubo\Documents\Visual Studio 2012\Projects\AssignmentI_CIT284\Debug\AssignmentI_CIT284.exe
     1>Done Building Project "C:\Users\lyubo\Documents\Visual Studio 2012\Projects\AssignmentI_CIT284\AssignmentI_CIT284.vcxproj" (Build target(s)).

Build succeeded.

Time Elapsed 00:00:02.96
